c:\projects\glsc3d\vcxproj\x64\release\glsc3d.pdb
c:\projects\glsc3d\vcxproj\x64\release\g_marker.obj
c:\projects\glsc3d\vcxproj\x64\release\g_line.obj
c:\projects\glsc3d\vcxproj\x64\release\g_isosurface.obj
c:\projects\glsc3d\vcxproj\x64\release\g_input.obj
c:\projects\glsc3d\vcxproj\x64\release\g_glwrapper_private.obj
c:\projects\glsc3d\vcxproj\x64\release\g_finish.obj
c:\projects\glsc3d\vcxproj\x64\release\g_fan.obj
c:\projects\glsc3d\vcxproj\x64\release\g_ellipse_3d.obj
c:\projects\glsc3d\vcxproj\x64\release\g_direction_private.obj
c:\projects\glsc3d\vcxproj\x64\release\g_data_plot.obj
c:\projects\glsc3d\vcxproj\x64\release\g_cylinder_3d.obj
c:\projects\glsc3d\vcxproj\x64\release\g_contln_2d.obj
c:\projects\glsc3d\vcxproj\x64\release\g_cone.obj
c:\projects\glsc3d\vcxproj\x64\release\g_cls.obj
c:\projects\glsc3d\vcxproj\x64\release\g_circle.obj
c:\projects\glsc3d\vcxproj\x64\release\g_capture.obj
c:\projects\glsc3d\vcxproj\x64\release\g_box.obj
c:\projects\glsc3d\vcxproj\x64\release\g_bird_view_3d.obj
c:\projects\glsc3d\vcxproj\x64\release\g_arrow.obj
c:\projects\glsc3d\vcxproj\x64\release\g_area.obj
c:\projects\glsc3d\vcxproj\x64\release\g_triangle_buffer.obj
c:\projects\glsc3d\vcxproj\x64\release\g_triangle.obj
c:\projects\glsc3d\vcxproj\x64\release\g_text.obj
c:\projects\glsc3d\vcxproj\x64\release\g_sphere_3d.obj
c:\projects\glsc3d\vcxproj\x64\release\g_sleep.obj
c:\projects\glsc3d\vcxproj\x64\release\g_shader_program.obj
c:\projects\glsc3d\vcxproj\x64\release\g_sdl_wrapper.obj
c:\projects\glsc3d\vcxproj\x64\release\g_rectangle.obj
c:\projects\glsc3d\vcxproj\x64\release\g_pyramid_3d.obj
c:\projects\glsc3d\vcxproj\x64\release\g_prism_3d.obj
c:\projects\glsc3d\vcxproj\x64\release\g_polyline.obj
c:\projects\glsc3d\vcxproj\x64\release\g_polygon_2d.obj
c:\projects\glsc3d\vcxproj\x64\release\g_off_screen.obj
c:\projects\glsc3d\vcxproj\x64\release\g_move_plot.obj
c:\projects\glsc3d\vcxproj\x64\release\g_matrix_private.obj
c:\projects\glsc3d\vcxproj\x64\release\g_debug_callback.obj
c:\projects\glsc3d\vcxproj\x64\release\g_vertex_buffer.obj
c:\projects\glsc3d\vcxproj\x64\release\g_scale.obj
c:\projects\glsc3d\vcxproj\x64\release\g_camera.obj
c:\projects\glsc3d\vcxproj\x64\release\3dfigures.obj
c:\projects\glsc3d\vcxproj\x64\release\vc140.pdb
c:\projects\glsc3d\vcxproj\x64\release\glsc3d.tlog\cl.command.1.tlog
c:\projects\glsc3d\vcxproj\x64\release\glsc3d.tlog\cl.read.1.tlog
c:\projects\glsc3d\vcxproj\x64\release\glsc3d.tlog\cl.write.1.tlog
