C:\Program Files (x86)\MSBuild\Microsoft.Cpp\v4.0\V140\Microsoft.CppBuild.targets(392,5): warning MSB8028: The intermediate directory (x64\Release\) contains files shared from another project (2DFigures.vcxproj, 3DFigures.vcxproj, Cone.vcxproj).  This can lead to incorrect clean and rebuild behavior.
  g_debug.cpp
c:\projects\glsc3d\include\glsc3d_math.h(61): warning C4190: 'g_vector_core' は C リンケージ指定ですが、C と互換性のないユーザー定義の型 'G_VECTOR' を返しています。
  c:\projects\glsc3d\include\glsc3d_math.h(14): note: 'G_VECTOR' の宣言を確認してください
c:\projects\glsc3d\include\glsc3d_math.h(67): warning C4190: 'g_vector' は C リンケージ指定ですが、C と互換性のないユーザー定義の型 'G_VECTOR' を返しています。
  c:\projects\glsc3d\include\glsc3d_math.h(14): note: 'G_VECTOR' の宣言を確認してください
c:\projects\glsc3d\include\glsc3d_math.h(77): warning C4190: 'g_vector3' は C リンケージ指定ですが、C と互換性のないユーザー定義の型 'G_VECTOR' を返しています。
  c:\projects\glsc3d\include\glsc3d_math.h(14): note: 'G_VECTOR' の宣言を確認してください
c:\projects\glsc3d\include\glsc3d_math.h(82): warning C4190: 'g_vector2' は C リンケージ指定ですが、C と互換性のないユーザー定義の型 'G_VECTOR' を返しています。
  c:\projects\glsc3d\include\glsc3d_math.h(14): note: 'G_VECTOR' の宣言を確認してください
c:\projects\glsc3d\include\glsc3d_math.h(87): warning C4190: 'g_position' は C リンケージ指定ですが、C と互換性のないユーザー定義の型 'G_VECTOR' を返しています。
  c:\projects\glsc3d\include\glsc3d_math.h(14): note: 'G_VECTOR' の宣言を確認してください
c:\projects\glsc3d\include\glsc3d_math.h(92): warning C4190: 'g_position3' は C リンケージ指定ですが、C と互換性のないユーザー定義の型 'G_VECTOR' を返しています。
  c:\projects\glsc3d\include\glsc3d_math.h(14): note: 'G_VECTOR' の宣言を確認してください
c:\projects\glsc3d\include\glsc3d_math.h(97): warning C4190: 'g_position2' は C リンケージ指定ですが、C と互換性のないユーザー定義の型 'G_VECTOR' を返しています。
  c:\projects\glsc3d\include\glsc3d_math.h(14): note: 'G_VECTOR' の宣言を確認してください
c:\projects\glsc3d\include\glsc3d_math.h(102): warning C4190: 'g_direction' は C リンケージ指定ですが、C と互換性のないユーザー定義の型 'G_VECTOR' を返しています。
  c:\projects\glsc3d\include\glsc3d_math.h(14): note: 'G_VECTOR' の宣言を確認してください
c:\projects\glsc3d\include\glsc3d_math.h(107): warning C4190: 'g_direction3' は C リンケージ指定ですが、C と互換性のないユーザー定義の型 'G_VECTOR' を返しています。
  c:\projects\glsc3d\include\glsc3d_math.h(14): note: 'G_VECTOR' の宣言を確認してください
c:\projects\glsc3d\include\glsc3d_math.h(112): warning C4190: 'g_direction2' は C リンケージ指定ですが、C と互換性のないユーザー定義の型 'G_VECTOR' を返しています。
  c:\projects\glsc3d\include\glsc3d_math.h(14): note: 'G_VECTOR' の宣言を確認してください
c:\projects\glsc3d\include\glsc3d_math.h(141): warning C4190: 'g_plus' は C リンケージ指定ですが、C と互換性のないユーザー定義の型 'G_VECTOR' を返しています。
  c:\projects\glsc3d\include\glsc3d_math.h(14): note: 'G_VECTOR' の宣言を確認してください
c:\projects\glsc3d\include\glsc3d_math.h(147): warning C4190: 'g_minus' は C リンケージ指定ですが、C と互換性のないユーザー定義の型 'G_VECTOR' を返しています。
  c:\projects\glsc3d\include\glsc3d_math.h(14): note: 'G_VECTOR' の宣言を確認してください
c:\projects\glsc3d\include\glsc3d_math.h(153): warning C4190: 'g_multi' は C リンケージ指定ですが、C と互換性のないユーザー定義の型 'G_VECTOR' を返しています。
  c:\projects\glsc3d\include\glsc3d_math.h(14): note: 'G_VECTOR' の宣言を確認してください
c:\projects\glsc3d\include\glsc3d_math.h(158): warning C4190: 'g_cross' は C リンケージ指定ですが、C と互換性のないユーザー定義の型 'G_VECTOR' を返しています。
  c:\projects\glsc3d\include\glsc3d_math.h(14): note: 'G_VECTOR' の宣言を確認してください
c:\projects\glsc3d\include\glsc3d_math.h(177): warning C4190: 'g_normalize' は C リンケージ指定ですが、C と互換性のないユーザー定義の型 'G_VECTOR' を返しています。
  c:\projects\glsc3d\include\glsc3d_math.h(14): note: 'G_VECTOR' の宣言を確認してください
c:\projects\glsc3d\include\glsc3d_math.h(183): warning C4190: 'g_calc_normal' は C リンケージ指定ですが、C と互換性のないユーザー定義の型 'G_VECTOR' を返しています。
  c:\projects\glsc3d\include\glsc3d_math.h(14): note: 'G_VECTOR' の宣言を確認してください
c:\projects\glsc3d\include\glsc3d_math.h(230): warning C4244: '初期化中': 'double' から 'float' への変換です。データが失われる可能性があります。
c:\projects\glsc3d\include\glsc3d_math.h(242): warning C4244: '初期化中': 'double' から 'float' への変換です。データが失われる可能性があります。
c:\projects\glsc3d\include\glsc3d_math.h(254): warning C4244: '初期化中': 'double' から 'float' への変換です。データが失われる可能性があります。
c:\projects\glsc3d\include\glsc3d_math.h(290): warning C4244: '初期化中': 'double' から 'float' への変換です。データが失われる可能性があります。
c:\projects\glsc3d\include\glsc3d_private.h(49): warning C4190: 'Rn' は C リンケージ指定ですが、C と互換性のないユーザー定義の型 'G_VECTOR' を返しています。
  c:\projects\glsc3d\include\glsc3d_math.h(14): note: 'G_VECTOR' の宣言を確認してください
c:\projects\glsc3d\include\glsc3d_private.h(50): warning C4190: 'Rx' は C リンケージ指定ですが、C と互換性のないユーザー定義の型 'G_VECTOR' を返しています。
  c:\projects\glsc3d\include\glsc3d_math.h(14): note: 'G_VECTOR' の宣言を確認してください
c:\projects\glsc3d\include\glsc3d_private.h(51): warning C4190: 'Ry' は C リンケージ指定ですが、C と互換性のないユーザー定義の型 'G_VECTOR' を返しています。
  c:\projects\glsc3d\include\glsc3d_math.h(14): note: 'G_VECTOR' の宣言を確認してください
c:\projects\glsc3d\include\glsc3d_private.h(52): warning C4190: 'Rz' は C リンケージ指定ですが、C と互換性のないユーザー定義の型 'G_VECTOR' を返しています。
  c:\projects\glsc3d\include\glsc3d_math.h(14): note: 'G_VECTOR' の宣言を確認してください
c:\projects\glsc3d\include\glsc3d_private.h(54): warning C4190: 'Heiko3D' は C リンケージ指定ですが、C と互換性のないユーザー定義の型 'G_VECTOR' を返しています。
  c:\projects\glsc3d\include\glsc3d_math.h(14): note: 'G_VECTOR' の宣言を確認してください
c:\projects\glsc3d\include\glsc3d_private.h(55): warning C4190: 'Heiko3Ds' は C リンケージ指定ですが、C と互換性のないユーザー定義の型 'G_VECTOR' を返しています。
  c:\projects\glsc3d\include\glsc3d_math.h(14): note: 'G_VECTOR' の宣言を確認してください
c:\projects\glsc3d\include\glsc3d_private.h(57): warning C4190: 'Scaling3D' は C リンケージ指定ですが、C と互換性のないユーザー定義の型 'G_VECTOR' を返しています。
  c:\projects\glsc3d\include\glsc3d_math.h(14): note: 'G_VECTOR' の宣言を確認してください
c:\projects\glsc3d\include\glsc3d_private.h(58): warning C4190: 'Scaling3Ds' は C リンケージ指定ですが、C と互換性のないユーザー定義の型 'G_VECTOR' を返しています。
  c:\projects\glsc3d\include\glsc3d_math.h(14): note: 'G_VECTOR' の宣言を確認してください
c:\projects\glsc3d\include\glsc3d_private.h(60): warning C4190: 'Rx2D' は C リンケージ指定ですが、C と互換性のないユーザー定義の型 'G_VECTOR' を返しています。
  c:\projects\glsc3d\include\glsc3d_math.h(14): note: 'G_VECTOR' の宣言を確認してください
  GLSC3D.vcxproj -> C:\Projects\GLSC3D\x64\Release\GLSC3D.lib
