This is e-pTeX, Version 3.14159265-p3.6-141210-2.6 (utf8.euc) (TeX Live 2015) (preloaded format=platex 2016.4.12)  6 APR 2017 11:04
entering extended mode
 restricted \write18 enabled.
 file:line:error style messages enabled.
 %&-line parsing enabled.
**GLSC3D_Manual.tex
(./GLSC3D_Manual.tex
pLaTeX2e <2006/11/10> (based on LaTeX2e <2015/01/01> patch level 0)
Babel <3.9l> and hyphenation patterns for 79 languages loaded.
(/usr/local/texlive/2015/texmf-dist/tex/platex/jsclasses/jsarticle.cls
Document Class: jsarticle 2014/02/07 okumura
LaTeX Info: Redefining \rmfamily on input line 352.
LaTeX Info: Redefining \sffamily on input line 355.
LaTeX Info: Redefining \ttfamily on input line 358.
\symmincho=\mathgroup4
LaTeX Font Info:    Overwriting symbol font `mincho' in version `bold'
(Font)                  JY1/mc/m/n --> JY1/gt/m/n on input line 423.
LaTeX Font Info:    Font shape `JT1/mc/m/n' will be
(Font)              scaled to size 9.60999pt on input line 613.
LaTeX Font Info:    Font shape `JY1/mc/m/n' will be
(Font)              scaled to size 9.60999pt on input line 613.
\fullwidth=\dimen118
LaTeX Font Info:    Font shape `JT1/mc/m/n' will be
(Font)              scaled to size 7.68799pt on input line 760.
LaTeX Font Info:    Font shape `JY1/mc/m/n' will be
(Font)              scaled to size 7.68799pt on input line 760.
\c@part=\count81
\c@section=\count82
\c@subsection=\count83
\c@subsubsection=\count84
\c@paragraph=\count85
\c@subparagraph=\count86
\@abstractbox=\box41
\c@figure=\count87
\c@table=\count88
\abovecaptionskip=\skip41
\belowcaptionskip=\skip42
\js@tocl@width=\dimen119
\@lnumwidth=\dimen120
\bibindent=\dimen121
LaTeX Info: Redefining \TeX on input line 1731.
LaTeX Info: Redefining \LaTeX on input line 1757.
LaTeX Info: Redefining \LaTeXe on input line 1782.
\heisei=\count89
) (/usr/local/texlive/2015/texmf-dist/tex/latex/wrapfig/wrapfig.sty
\wrapoverhang=\dimen122
\WF@size=\dimen123
\c@WF@wrappedlines=\count90
\WF@box=\box42
\WF@everypar=\toks15
Package: wrapfig 2003/01/31  v 3.6
)
(/usr/local/texlive/2015/texmf-dist/tex/latex/graphics/graphicx.sty
Package: graphicx 2014/10/28 v1.0g Enhanced LaTeX Graphics (DPC,SPQR)

(/usr/local/texlive/2015/texmf-dist/tex/latex/graphics/keyval.sty
Package: keyval 2014/10/28 v1.15 key=value parser (DPC)
\KV@toks@=\toks16
)
(/usr/local/texlive/2015/texmf-dist/tex/latex/graphics/graphics.sty
Package: graphics 2016/01/03 v1.0q Standard LaTeX Graphics (DPC,SPQR)

(/usr/local/texlive/2015/texmf-dist/tex/latex/graphics/trig.sty
Package: trig 2016/01/03 v1.10 sin cos tan (DPC)
)
(/usr/local/texlive/2015/texmf-dist/tex/latex/latexconfig/graphics.cfg
File: graphics.cfg 2010/04/23 v1.9 graphics configuration of TeX Live
)
Package graphics Info: Driver file: dvipdfmx.def on input line 95.

(/usr/local/texlive/2015/texmf-dist/tex/latex/dvipdfmx-def/dvipdfmx.def
File: dvipdfmx.def 2015/11/04 v4.07 LaTeX color/graphics driver for dvipdfmx (T
eX Live/ChoF)

(/usr/local/texlive/2015/texmf-dist/tex/generic/oberdiek/infwarerr.sty
Package: infwarerr 2010/04/08 v1.3 Providing info/warning/error messages (HO)
)
(/usr/local/texlive/2015/texmf-dist/tex/generic/oberdiek/ltxcmds.sty
Package: ltxcmds 2011/11/09 v1.22 LaTeX kernel commands for general use (HO)
)))
\Gin@req@height=\dimen124
\Gin@req@width=\dimen125
)
(/usr/local/texlive/2015/texmf-dist/tex/latex/graphics/color.sty
Package: color 2016/01/03 v1.1b Standard LaTeX Color (DPC)

(/usr/local/texlive/2015/texmf-dist/tex/latex/latexconfig/color.cfg
File: color.cfg 2007/01/18 v1.5 color configuration of teTeX/TeXLive
)
Package color Info: Driver file: dvips.def on input line 143.

(/usr/local/texlive/2015/texmf-dist/tex/latex/graphics/dvips.def
File: dvips.def 2015/12/30 v3.0k Driver-dependent file (DPC,SPQR)
)
(/usr/local/texlive/2015/texmf-dist/tex/latex/graphics/dvipsnam.def
File: dvipsnam.def 2015/12/30 v3.0k Driver-dependent file (DPC,SPQR)
))
(/usr/local/texlive/2015/texmf-dist/tex/platex/base/ascmac.sty
(/usr/local/texlive/2015/texmf-dist/tex/platex/base/tascmac.sty
\@savetbaselineshift=\dimen126
\@saveybaselineshift=\dimen127
\scb@x=\box43
\scscb@x=\box44
\@bw=\dimen128
\@nbox=\box45
\@nbody=\box46
\@scw=\dimen129
\@itemh=\dimen130
\@iboxpos=\toks17
\@iboxstr=\box47
\@bwsp=\box48
\@@bwsp=\box49
\@bcal=\count91
\shaderule=\dimen131
))
(/usr/local/texlive/2015/texmf-dist/tex/latex/comment/comment.sty
\CommentStream=\write3

Excluding comment 'comment')
(/usr/local/texlive/2015/texmf-dist/tex/latex/amsfonts/amssymb.sty
Package: amssymb 2013/01/14 v3.01 AMS font symbols

(/usr/local/texlive/2015/texmf-dist/tex/latex/amsfonts/amsfonts.sty
Package: amsfonts 2013/01/14 v3.01 Basic AMSFonts support
\@emptytoks=\toks18
\symAMSa=\mathgroup5
\symAMSb=\mathgroup6
LaTeX Font Info:    Overwriting math alphabet `\mathfrak' in version `bold'
(Font)                  U/euf/m/n --> U/euf/b/n on input line 106.
))
(/usr/local/texlive/2015/texmf-dist/tex/latex/fancyhdr/fancyhdr.sty
\fancy@headwidth=\skip43
\f@ncyO@elh=\skip44
\f@ncyO@erh=\skip45
\f@ncyO@olh=\skip46
\f@ncyO@orh=\skip47
\f@ncyO@elf=\skip48
\f@ncyO@erf=\skip49
\f@ncyO@olf=\skip50
\f@ncyO@orf=\skip51
)
(./GLSC3D_Manual.aux)
\openout1 = `GLSC3D_Manual.aux'.

LaTeX Font Info:    Checking defaults for OML/cmm/m/it on input line 53.
LaTeX Font Info:    ... okay on input line 53.
LaTeX Font Info:    Checking defaults for T1/cmr/m/n on input line 53.
LaTeX Font Info:    ... okay on input line 53.
LaTeX Font Info:    Checking defaults for OT1/cmr/m/n on input line 53.
LaTeX Font Info:    ... okay on input line 53.
LaTeX Font Info:    Checking defaults for OMS/cmsy/m/n on input line 53.
LaTeX Font Info:    ... okay on input line 53.
LaTeX Font Info:    Checking defaults for OMX/cmex/m/n on input line 53.
LaTeX Font Info:    ... okay on input line 53.
LaTeX Font Info:    Checking defaults for U/cmr/m/n on input line 53.
LaTeX Font Info:    ... okay on input line 53.
LaTeX Font Info:    Checking defaults for JY1/mc/m/n on input line 53.
LaTeX Font Info:    ... okay on input line 53.
LaTeX Font Info:    Checking defaults for JT1/mc/m/n on input line 53.
LaTeX Font Info:    ... okay on input line 53.
LaTeX Font Info:    Font shape `JT1/mc/m/n' will be
(Font)              scaled to size 16.60605pt on input line 55.
LaTeX Font Info:    Font shape `JY1/mc/m/n' will be
(Font)              scaled to size 16.60605pt on input line 55.
LaTeX Font Info:    Font shape `JT1/mc/m/n' will be
(Font)              scaled to size 23.90964pt on input line 55.
LaTeX Font Info:    Font shape `JY1/mc/m/n' will be
(Font)              scaled to size 23.90964pt on input line 55.
LaTeX Font Info:    Font shape `JT1/mc/m/n' will be
(Font)              scaled to size 11.53198pt on input line 55.
LaTeX Font Info:    Font shape `JY1/mc/m/n' will be
(Font)              scaled to size 11.53198pt on input line 55.
LaTeX Font Info:    Font shape `JY1/mc/m/n' will be
(Font)              scaled to size 5.76599pt on input line 55.
LaTeX Font Info:    Try loading font information for U+msa on input line 55.

(/usr/local/texlive/2015/texmf-dist/tex/latex/amsfonts/umsa.fd
File: umsa.fd 2013/01/14 v3.01 AMS symbols A
)
LaTeX Font Info:    Try loading font information for U+msb on input line 55.

(/usr/local/texlive/2015/texmf-dist/tex/latex/amsfonts/umsb.fd
File: umsb.fd 2013/01/14 v3.01 AMS symbols B
)
LaTeX Font Info:    Font shape `JT1/mc/m/n' will be
(Font)              scaled to size 13.83836pt on input line 55.
LaTeX Font Info:    Font shape `JY1/mc/m/n' will be
(Font)              scaled to size 13.83836pt on input line 55.
File: Figures/eps/CoverPage.eps Graphic file (type eps)

<Figures/eps/CoverPage.eps> [1

] [2]
LaTeX Font Info:    Font shape `JT1/gt/m/n' will be
(Font)              scaled to size 9.60999pt on input line 67.
LaTeX Font Info:    Font shape `JY1/gt/m/n' will be
(Font)              scaled to size 9.60999pt on input line 67.
LaTeX Font Info:    Font shape `JT1/gt/m/n' will be
(Font)              scaled to size 13.83836pt on input line 67.
LaTeX Font Info:    Font shape `JY1/gt/m/n' will be
(Font)              scaled to size 13.83836pt on input line 67.
 (./GLSC3D_Manual.toc
LaTeX Font Info:    Font shape `JY1/mc/m/n' will be
(Font)              scaled to size 6.72699pt on input line 2.
LaTeX Font Info:    Font shape `JY1/mc/m/n' will be
(Font)              scaled to size 4.805pt on input line 2.
 [3] [4] [5])
\tf@toc=\write4
\openout4 = `GLSC3D_Manual.toc'.

 [6]
[7]
LaTeX Font Info:    Font shape `JT1/gt/m/n' will be
(Font)              scaled to size 11.53198pt on input line 80.
LaTeX Font Info:    Font shape `JY1/gt/m/n' will be
(Font)              scaled to size 11.53198pt on input line 80.
LaTeX Font Info:    Font shape `JT1/mc/m/n' will be
(Font)              scaled to size 6.72699pt on input line 82.
LaTeX Font Info:    Font shape `JT1/mc/m/n' will be
(Font)              scaled to size 5.76599pt on input line 82.
LaTeX Font Info:    Font shape `JT1/gt/m/n' will be
(Font)              scaled to size 7.68799pt on input line 82.
LaTeX Font Info:    Font shape `JY1/gt/m/n' will be
(Font)              scaled to size 7.68799pt on input line 82.
 [8] [9] [10]
File: ./Figures/eps/001.eps Graphic file (type eps)
 <./Figures/eps/001.eps> [11] [12]
File: ./Figures/eps/002.eps Graphic file (type eps)
 <./Figures/eps/002.eps>
[13]
File: ./Figures/eps/003.eps Graphic file (type eps)
 <./Figures/eps/003.eps>
LaTeX Font Info:    Font shape `JT1/mc/bx/n' in size <10> not available
(Font)              Font shape `JT1/gt/m/n' tried instead on input line 205.
LaTeX Font Info:    Font shape `JT1/gt/m/n' will be
(Font)              scaled to size 9.60999pt on input line 205.
LaTeX Font Info:    Font shape `JY1/mc/bx/n' in size <10> not available
(Font)              Font shape `JY1/gt/m/n' tried instead on input line 205.
LaTeX Font Info:    Font shape `JY1/gt/m/n' will be
(Font)              scaled to size 9.60999pt on input line 205.
 [14] [15] [16] [17] [18]
LaTeX Font Info:    Try loading font information for OMS+cmr on input line 321.


(/usr/local/texlive/2015/texmf-dist/tex/latex/base/omscmr.fd
File: omscmr.fd 2014/09/29 v2.5h Standard LaTeX font definitions
)
LaTeX Font Info:    Font shape `OMS/cmr/m/n' in size <10> not available
(Font)              Font shape `OMS/cmsy/m/n' tried instead on input line 321.
 [19] [20]
[21]
File: ./Figures/eps/004.eps Graphic file (type eps)
 <./Figures/eps/004.eps>
File: ./Figures/eps/005.eps Graphic file (type eps)
 <./Figures/eps/005.eps> [22] [23] [24] [25]
LaTeX Font Info:    Font shape `JT1/mc/m/it' in size <10> not available
(Font)              Font shape `JT1/mc/m/n' tried instead on input line 526.
LaTeX Font Info:    Font shape `JT1/mc/m/n' will be
(Font)              scaled to size 9.60999pt on input line 526.
LaTeX Font Info:    Font shape `JY1/mc/m/it' in size <10> not available
(Font)              Font shape `JY1/mc/m/n' tried instead on input line 526.
LaTeX Font Info:    Font shape `JY1/mc/m/n' will be
(Font)              scaled to size 9.60999pt on input line 526.

[26]
Overfull \hbox (3.98499pt too wide) in paragraph at lines 546--547
[]\OT1/cmr/m/n/10 GLSC3D \JY1/mc/m/n/10 は一般的なソフトウ ェアと同じように ， 
ライブラリ \OT1/cmr/m/n/10 (\OT1/cmtt/m/n/10 libglsc3d.a\OT1/cmr/m/n/10 , \OT1/
cmtt/m/n/10 libglsc3d.dylib\OT1/cmr/m/n/10 ,
 []

File: ./Figures/eps/006.eps Graphic file (type eps)
<./Figures/eps/006.eps>
Underfull \hbox (badness 2418) in paragraph at lines 559--561
\JY1/mc/m/n/10 としてください ． 様 々なフ ァイルが
 []


Underfull \hbox (badness 1365) in paragraph at lines 559--561
\JY1/mc/m/n/10 コンパイルされ \OT1/cmr/m/n/10 Out \JY1/mc/m/n/10 フ ォルダにラ
イ
 []

File: ./Figures/eps/007.eps Graphic file (type eps)
<./Figures/eps/007.eps>
Overfull \hbox (18.08052pt too wide) in paragraph at lines 569--570
[]\OT1/cmtt/m/n/10 $: cd ../SampleProgram/using_makefile 
 []

[27] [28]
File: ./Figures/eps/Canvas_kansu_gaiyo.eps Graphic file (type eps)
 <./Figures/eps/Canvas_kansu_gaiyo.eps> [29] [30] [31] [32

]
File: ./Figures/eps/Canvas_g_init_core.eps Graphic file (type eps)

<./Figures/eps/Canvas_g_init_core.eps> [33

] [34] [35

]
File: ./Figures/eps/Canvas_g_scr_color.eps Graphic file (type eps)

<./Figures/eps/Canvas_g_scr_color.eps> [36

] [37

] [38

]
Overfull \hbox (5.41893pt too wide) in paragraph at lines 1005--1005
[]                  \OT1/cmtt/m/n/10 G_KEY_HOME,        G_KEY_RIGHT,    G_KEY_F
4,  G_KEY_F10,[] 
 []


Overfull \hbox (5.41893pt too wide) in paragraph at lines 1005--1005
[]                  \OT1/cmtt/m/n/10 G_KEY_END,         G_KEY_DOWN,     G_KEY_F
5,  G_KEY_F11,[] 
 []

[39

] [40]
File: ./Figures/eps/Canvas_g_def_scale_2D.eps Graphic file (type eps)
 <./Figures/eps/Canvas_g_def_scale_2D.eps> [41

]
File: ./Figures/eps/Canvas_g_def_scale_3D.eps Graphic file (type eps)

<./Figures/eps/Canvas_g_def_scale_3D.eps> [42

] [43] [44

] [45

] [46

] [47

]
File: ./Figures/eps/Canvas_g_marker.eps Graphic file (type eps)

<./Figures/eps/Canvas_g_marker.eps> [48

] [49] [50

] [51

]
File: ./Figures/eps/Canvas_g_line.eps Graphic file (type eps)

<./Figures/eps/Canvas_g_line.eps> [52

]
File: ./Figures/eps/Canvas_g_area_color.eps Graphic file (type eps)
 <./Figures/eps/Canvas_g_area_color.eps>
[53

] [54

] [55

] [56

] [57

] [58

]
File: ./Figures/eps/Canvas_g_move_g_plot.eps Graphic file (type eps)
 <./Figures/eps/Canvas_g_move_g_plot.eps> [59

]
[60

]
File: ./Figures/eps/Canvas_g_box.eps Graphic file (type eps)
 <./Figures/eps/Canvas_g_box.eps>
File: ./Figures/eps/Canvas_g_box2.eps Graphic file (type eps)
 <./Figures/eps/Canvas_g_box2.eps>
[61] [62] [63

]
File: ./Figures/eps/Canvas_g_sphere.eps Graphic file (type eps)
 <./Figures/eps/Canvas_g_sphere.eps> [64

] [65

]
File: ./Figures/eps/Canvas_g_ellipse.eps Graphic file (type eps)

<./Figures/eps/Canvas_g_ellipse.eps> [66

] [67] [68

]
File: ./Figures/eps/Canvas_g_prism.eps Graphic file (type eps)

<./Figures/eps/Canvas_g_prism.eps> [69

] [70] [71

]
File: ./Figures/eps/Canvas_g_cylinder.eps Graphic file (type eps)

<./Figures/eps/Canvas_g_cylinder.eps> [72

] [73]
File: ./Figures/eps/Canvas_g_cone.eps Graphic file (type eps)

<./Figures/eps/Canvas_g_cone.eps> [74

] [75]
File: ./Figures/eps/Canvas_g_cone.eps Graphic file (type eps)
 <./Figures/eps/Canvas_g_cone.eps>
File: ./Figures/eps/Canvas_g_cone2.eps Graphic file (type eps)

<./Figures/eps/Canvas_g_cone2.eps> [76

] [77] [78

]
File: ./Figures/eps/Canvas_g_pyramid.eps Graphic file (type eps)

<./Figures/eps/Canvas_g_pyramid.eps> [79

] [80] [81

]
File: ./Figures/eps/Canvas_g_arrow.eps Graphic file (type eps)

<./Figures/eps/Canvas_g_arrow.eps> [82

]
File: ./Figures/eps/Canvas_g_arrow.eps Graphic file (type eps)
 <./Figures/eps/Canvas_g_arrow.eps>
File: ./Figures/eps/Canvas_g_arrow2.eps Graphic file (type eps)

<./Figures/eps/Canvas_g_arrow2.eps> [83

] [84] [85

] [86

]
File: ./Figures/eps/Canvas_g_triangle.eps Graphic file (type eps)

<./Figures/eps/Canvas_g_triangle.eps> [87

] [88

]
File: ./Figures/eps/Canvas_g_fan.eps Graphic file (type eps)

<./Figures/eps/Canvas_g_fan.eps> [89

]
File: ./Figures/eps/Canvas_g_fan.eps Graphic file (type eps)
 <./Figures/eps/Canvas_g_fan.eps>
File: ./Figures/eps/Canvas_g_fan2.eps Graphic file (type eps)

<./Figures/eps/Canvas_g_fan2.eps> [90

] [91] [92

] [93

]
File: ./Figures/eps/Canvas_g_circle.eps Graphic file (type eps)

<./Figures/eps/Canvas_g_circle.eps>
File: ./Figures/eps/Canvas_g_circle2.eps Graphic file (type eps)
 <./Figures/eps/Canvas_g_circle2.eps>
[94

] [95]
File: ./Figures/eps/Canvas_g_polygon.eps Graphic file (type eps)
 <./Figures/eps/Canvas_g_polygon.eps> [96

] [97

]
File: ./Figures/eps/Canvas_g_polyline.eps Graphic file (type eps)

<./Figures/eps/Canvas_g_polyline.eps> [98

] [99

]
File: ./Figures/eps/Canvas_g_rectangle.eps Graphic file (type eps)

<./Figures/eps/Canvas_g_rectangle.eps> [100

] [101

] [102

]
File: ./Figures/eps/Canvas_g_data_plot.eps Graphic file (type eps)

<./Figures/eps/Canvas_g_data_plot.eps> [103

] [104

]
File: ./Figures/eps/Canvas_g_contln.eps Graphic file (type eps)

<./Figures/eps/Canvas_g_contln.eps> [105

] [106

]
File: ./Figures/eps/Canvas_g_bird_view.eps Graphic file (type eps)

<./Figures/eps/Canvas_g_bird_view.eps> [107

] [108

]
File: ./Figures/eps/Canvas_g_isosurface.eps Graphic file (type eps)

<./Figures/eps/Canvas_g_isosurface.eps> [109

] [110] [111] [112] [113] [114]
[115] [116] (./GLSC3D_Manual.aux) ) 
Here is how much of TeX's memory you used:
 1914 strings out of 493777
 25340 string characters out of 6151334
 86026 words of memory out of 5000000
 5344 multiletter control sequences out of 15000+600000
 20228 words of font info for 93 fonts, out of 8000000 for 9000
 934 hyphenation exceptions out of 8191
 27i,12n,43p,1390b,428s stack positions out of 5000i,500n,10000p,200000b,80000s

Output written on GLSC3D_Manual.dvi (116 pages, 276892 bytes).
