This is e-pTeX, Version 3.14159265-p3.7-160201-2.6 (utf8.euc) (TeX Live 2016) (preloaded format=platex 2017.1.29)  10 APR 2017 17:47
entering extended mode
 restricted \write18 enabled.
 file:line:error style messages enabled.
 %&-line parsing enabled.
**GLSC3D_Manual.tex
(./GLSC3D_Manual.tex
pLaTeX2e <2016/11/29> (based on LaTeX2e <2017/01/01> patch level 1)
Babel <3.9r> and hyphenation patterns for 83 language(s) loaded.
(/usr/local/texlive/2016/texmf-dist/tex/platex/jsclasses/jsarticle.cls
Document Class: jsarticle 2017/01/13 okumura, texjporg
\jsc@mpt=\dimen118
\jsc@mmm=\dimen119
\jsc@smallskipamount=\skip41
LaTeX Info: Redefining \rmfamily on input line 468.
LaTeX Info: Redefining \sffamily on input line 471.
LaTeX Info: Redefining \ttfamily on input line 474.
LaTeX Info: Redefining \textmc on input line 477.
LaTeX Info: Redefining \textgt on input line 479.
\symmincho=\mathgroup4
LaTeX Font Info:    Overwriting symbol font `mincho' in version `bold'
(Font)                  JY1/mc/m/n --> JY1/gt/m/n on input line 540.
LaTeX Font Info:    Font shape `JT1/mc/m/n' will be
(Font)              scaled to size 9.60999pt on input line 731.
LaTeX Font Info:    Font shape `JY1/mc/m/n' will be
(Font)              scaled to size 9.60999pt on input line 731.
\fullwidth=\dimen120
LaTeX Font Info:    Font shape `JT1/mc/m/n' will be
(Font)              scaled to size 7.68799pt on input line 883.
LaTeX Font Info:    Font shape `JY1/mc/m/n' will be
(Font)              scaled to size 7.68799pt on input line 883.
\c@part=\count82
\c@section=\count83
\c@subsection=\count84
\c@subsubsection=\count85
\c@paragraph=\count86
\c@subparagraph=\count87
\@abstractbox=\box41
\c@figure=\count88
\c@table=\count89
\abovecaptionskip=\skip42
\belowcaptionskip=\skip43
\jsc@tocl@width=\dimen121
\@lnumwidth=\dimen122
\bibindent=\dimen123
(/usr/local/texlive/2016/texmf-dist/tex/platex/jsclasses/jslogo.sty
Package: jslogo 2016/07/14 okumura, texjporg
LaTeX Info: Redefining \TeX on input line 94.
LaTeX Info: Redefining \LaTeX on input line 147.
LaTeX Info: Redefining \LaTeXe on input line 200.
)
\heisei=\count90
)
(/usr/local/texlive/2016/texmf-dist/tex/latex/wrapfig/wrapfig.sty
\wrapoverhang=\dimen124
\WF@size=\dimen125
\c@WF@wrappedlines=\count91
\WF@box=\box42
\WF@everypar=\toks15
Package: wrapfig 2003/01/31  v 3.6
)
(/usr/local/texlive/2016/texmf-dist/tex/latex/graphics/graphicx.sty
Package: graphicx 2014/10/28 v1.0g Enhanced LaTeX Graphics (DPC,SPQR)

(/usr/local/texlive/2016/texmf-dist/tex/latex/graphics/keyval.sty
Package: keyval 2014/10/28 v1.15 key=value parser (DPC)
\KV@toks@=\toks16
)
(/usr/local/texlive/2016/texmf-dist/tex/latex/graphics/graphics.sty
Package: graphics 2016/10/09 v1.0u Standard LaTeX Graphics (DPC,SPQR)

(/usr/local/texlive/2016/texmf-dist/tex/latex/graphics/trig.sty
Package: trig 2016/01/03 v1.10 sin cos tan (DPC)
)
(/usr/local/texlive/2016/texmf-dist/tex/latex/graphics-cfg/graphics.cfg
File: graphics.cfg 2016/06/04 v1.11 sample graphics configuration
)
Package graphics Info: Driver file: dvips.def on input line 99.

(/usr/local/texlive/2016/texmf-dist/tex/latex/graphics-def/dvips.def
File: dvips.def 2016/07/10 v3.1a Driver-dependent file (DPC,SPQR)
))
\Gin@req@height=\dimen126
\Gin@req@width=\dimen127
)
(/usr/local/texlive/2016/texmf-dist/tex/latex/url/url.sty
\Urlmuskip=\muskip10
Package: url 2013/09/16  ver 3.4  Verb mode for urls, etc.
)
(/usr/local/texlive/2016/texmf-dist/tex/latex/graphics/color.sty
Package: color 2016/07/10 v1.1e Standard LaTeX Color (DPC)

(/usr/local/texlive/2016/texmf-dist/tex/latex/graphics-cfg/color.cfg
File: color.cfg 2016/01/02 v1.6 sample color configuration
)
Package color Info: Driver file: dvips.def on input line 147.

(/usr/local/texlive/2016/texmf-dist/tex/latex/graphics/dvipsnam.def
File: dvipsnam.def 2016/06/17 v3.0m Driver-dependent file (DPC,SPQR)
))
(/usr/local/texlive/2016/texmf-dist/tex/platex/base/ascmac.sty
Package: ascmac 2016/08/21 v2.0c ascmac wrapper (community edition) 

(/usr/local/texlive/2016/texmf-dist/tex/platex/base/tascmac.sty
Package: tascmac 2016/08/21 v2.0c ascmac package (community edition) 
\@savetbaselineshift=\dimen128
\@saveybaselineshift=\dimen129
\scb@x=\box43
\scscb@x=\box44
\@bw=\dimen130
\@nbox=\box45
\@nbody=\box46
\@scw=\dimen131
\@itemh=\dimen132
\@iboxpos=\toks17
\@iboxstr=\box47
\@bwsp=\box48
\@@bwsp=\box49
\@bcal=\count92
\shaderule=\dimen133
))
(/usr/local/texlive/2016/texmf-dist/tex/latex/comment/comment.sty
\CommentStream=\write3

Excluding comment 'comment')
(/usr/local/texlive/2016/texmf-dist/tex/latex/amsfonts/amssymb.sty
Package: amssymb 2013/01/14 v3.01 AMS font symbols

(/usr/local/texlive/2016/texmf-dist/tex/latex/amsfonts/amsfonts.sty
Package: amsfonts 2013/01/14 v3.01 Basic AMSFonts support
\@emptytoks=\toks18
\symAMSa=\mathgroup5
\symAMSb=\mathgroup6
LaTeX Font Info:    Overwriting math alphabet `\mathfrak' in version `bold'
(Font)                  U/euf/m/n --> U/euf/b/n on input line 106.
))
(/usr/local/texlive/2016/texmf-dist/tex/latex/fancyhdr/fancyhdr.sty
Package: fancyhdr 2016/09/06 3.8 Extensive control of page headers and footers
\fancy@headwidth=\skip44
\f@ncyO@elh=\skip45
\f@ncyO@erh=\skip46
\f@ncyO@olh=\skip47
\f@ncyO@orh=\skip48
\f@ncyO@elf=\skip49
\f@ncyO@erf=\skip50
\f@ncyO@olf=\skip51
\f@ncyO@orf=\skip52
)

LaTeX Warning: Unused global option(s):
    [platex].

(./GLSC3D_Manual.aux)
\openout1 = `GLSC3D_Manual.aux'.

LaTeX Font Info:    Checking defaults for OML/cmm/m/it on input line 60.
LaTeX Font Info:    ... okay on input line 60.
LaTeX Font Info:    Checking defaults for T1/cmr/m/n on input line 60.
LaTeX Font Info:    ... okay on input line 60.
LaTeX Font Info:    Checking defaults for OT1/cmr/m/n on input line 60.
LaTeX Font Info:    ... okay on input line 60.
LaTeX Font Info:    Checking defaults for OMS/cmsy/m/n on input line 60.
LaTeX Font Info:    ... okay on input line 60.
LaTeX Font Info:    Checking defaults for OMX/cmex/m/n on input line 60.
LaTeX Font Info:    ... okay on input line 60.
LaTeX Font Info:    Checking defaults for U/cmr/m/n on input line 60.
LaTeX Font Info:    ... okay on input line 60.
LaTeX Font Info:    Checking defaults for JY1/mc/m/n on input line 60.
LaTeX Font Info:    ... okay on input line 60.
LaTeX Font Info:    Checking defaults for JT1/mc/m/n on input line 60.
LaTeX Font Info:    ... okay on input line 60.
LaTeX Font Info:    Font shape `JT1/mc/m/n' will be
(Font)              scaled to size 16.60605pt on input line 62.
LaTeX Font Info:    Font shape `JY1/mc/m/n' will be
(Font)              scaled to size 16.60605pt on input line 62.
LaTeX Font Info:    Font shape `JT1/mc/m/n' will be
(Font)              scaled to size 23.90964pt on input line 62.
LaTeX Font Info:    Font shape `JY1/mc/m/n' will be
(Font)              scaled to size 23.90964pt on input line 62.
LaTeX Font Info:    Font shape `JT1/mc/m/n' will be
(Font)              scaled to size 11.53198pt on input line 62.
LaTeX Font Info:    Font shape `JY1/mc/m/n' will be
(Font)              scaled to size 11.53198pt on input line 62.
LaTeX Font Info:    Font shape `JY1/mc/m/n' will be
(Font)              scaled to size 5.76599pt on input line 62.
LaTeX Font Info:    Try loading font information for U+msa on input line 62.

(/usr/local/texlive/2016/texmf-dist/tex/latex/amsfonts/umsa.fd
File: umsa.fd 2013/01/14 v3.01 AMS symbols A
)
LaTeX Font Info:    Try loading font information for U+msb on input line 62.

(/usr/local/texlive/2016/texmf-dist/tex/latex/amsfonts/umsb.fd
File: umsb.fd 2013/01/14 v3.01 AMS symbols B
)
LaTeX Font Info:    Font shape `JT1/mc/m/n' will be
(Font)              scaled to size 13.83836pt on input line 62.
LaTeX Font Info:    Font shape `JY1/mc/m/n' will be
(Font)              scaled to size 13.83836pt on input line 62.
File: Figures/eps/CoverPage.eps Graphic file (type eps)

<Figures/eps/CoverPage.eps>
LaTeX Font Info:    Font shape `JY1/mc/m/n' will be
(Font)              scaled to size 6.72699pt on input line 62.
 [1

] [2]
LaTeX Font Info:    Font shape `JT1/gt/m/n' will be
(Font)              scaled to size 9.60999pt on input line 74.
LaTeX Font Info:    Font shape `JY1/gt/m/n' will be
(Font)              scaled to size 9.60999pt on input line 74.
LaTeX Font Info:    Font shape `JT1/gt/m/n' will be
(Font)              scaled to size 13.83836pt on input line 74.
LaTeX Font Info:    Font shape `JY1/gt/m/n' will be
(Font)              scaled to size 13.83836pt on input line 74.
 (./GLSC3D_Manual.toc
LaTeX Font Info:    Font shape `JY1/mc/m/n' will be
(Font)              scaled to size 4.805pt on input line 2.
 [3] [4] [5])
\tf@toc=\write4
\openout4 = `GLSC3D_Manual.toc'.

 [6]
[7]
LaTeX Font Info:    Font shape `JT1/gt/m/n' will be
(Font)              scaled to size 11.53198pt on input line 87.
LaTeX Font Info:    Font shape `JY1/gt/m/n' will be
(Font)              scaled to size 11.53198pt on input line 87.
LaTeX Font Info:    Font shape `JT1/mc/m/n' will be
(Font)              scaled to size 6.72699pt on input line 89.
LaTeX Font Info:    Font shape `JT1/mc/m/n' will be
(Font)              scaled to size 5.76599pt on input line 89.
LaTeX Font Info:    Font shape `JT1/gt/m/n' will be
(Font)              scaled to size 7.68799pt on input line 90.
LaTeX Font Info:    Font shape `JY1/gt/m/n' will be
(Font)              scaled to size 7.68799pt on input line 90.
 [8] [9] [10]
File: ./Figures/eps/001.eps Graphic file (type eps)
 <./Figures/eps/001.eps> [11] [12]
File: ./Figures/eps/002.eps Graphic file (type eps)
 <./Figures/eps/002.eps>
[13]
File: ./Figures/eps/003.eps Graphic file (type eps)
 <./Figures/eps/003.eps>
LaTeX Font Info:    Font shape `JT1/mc/bx/n' in size <10> not available
(Font)              Font shape `JT1/gt/m/n' tried instead on input line 212.
LaTeX Font Info:    Font shape `JT1/gt/m/n' will be
(Font)              scaled to size 9.60999pt on input line 212.
LaTeX Font Info:    Font shape `JY1/mc/bx/n' in size <10> not available
(Font)              Font shape `JY1/gt/m/n' tried instead on input line 212.
LaTeX Font Info:    Font shape `JY1/gt/m/n' will be
(Font)              scaled to size 9.60999pt on input line 212.
 [14] [15] [16] [17] [18]
LaTeX Font Info:    Try loading font information for OMS+cmr on input line 327.


(/usr/local/texlive/2016/texmf-dist/tex/latex/base/omscmr.fd
File: omscmr.fd 2014/09/29 v2.5h Standard LaTeX font definitions
)
LaTeX Font Info:    Font shape `OMS/cmr/m/n' in size <10> not available
(Font)              Font shape `OMS/cmsy/m/n' tried instead on input line 327.
 [19] [20]
[21]
File: ./Figures/eps/004.eps Graphic file (type eps)
 <./Figures/eps/004.eps>
File: ./Figures/eps/005.eps Graphic file (type eps)
 <./Figures/eps/005.eps> [22] [23] [24]
File: ./Figures/eps/Canvas_macports.eps Graphic file (type eps)

<./Figures/eps/Canvas_macports.eps> [25]
File: ./Figures/eps/Canvas_Directory_GLSC3D.eps Graphic file (type eps)

<./Figures/eps/Canvas_Directory_GLSC3D.eps>
Underfull \hbox (badness 10000) in paragraph at lines 552--562
\OT1/cmtt/m/n/10 https : / / github . com / GLSC3DProject / GLSC3D$
 []

File: ./Figures/eps/Canvas_Samples.eps Graphic file (type eps)
<./Figures/eps/Canvas_Samples.eps>
File: ./Figures/eps/Canvas_Advanced.eps Graphic file (type eps)
 <./Figures/eps/Canvas_Advanced.eps> [26]
File: ./Figures/eps/Canvas_Hello_GLSD3D.eps Graphic file (type eps)

<./Figures/eps/Canvas_Hello_GLSD3D.eps> [27] [28]
File: ./Figures/eps/Canvas_kansu_gaiyo.eps Graphic file (type eps)

<./Figures/eps/Canvas_kansu_gaiyo.eps> [29] [30] [31] [32

]
File: ./Figures/eps/Canvas_g_init_core.eps Graphic file (type eps)

<./Figures/eps/Canvas_g_init_core.eps> [33

] [34] [35

]
File: ./Figures/eps/Canvas_g_scr_color.eps Graphic file (type eps)

<./Figures/eps/Canvas_g_scr_color.eps> [36

] [37

] [38

]
Overfull \hbox (5.41893pt too wide) in paragraph at lines 1193--1193
[]                  \OT1/cmtt/m/n/10 G_KEY_HOME,        G_KEY_RIGHT,    G_KEY_F
4,  G_KEY_F10,[] 
 []


Overfull \hbox (5.41893pt too wide) in paragraph at lines 1193--1193
[]                  \OT1/cmtt/m/n/10 G_KEY_END,         G_KEY_DOWN,     G_KEY_F
5,  G_KEY_F11,[] 
 []

[39

] [40]
File: ./Figures/eps/Canvas_g_def_scale_2D.eps Graphic file (type eps)
 <./Figures/eps/Canvas_g_def_scale_2D.eps> [41

]
File: ./Figures/eps/Canvas_g_def_scale_3D.eps Graphic file (type eps)

<./Figures/eps/Canvas_g_def_scale_3D.eps> [42

] [43] [44

] [45

] [46

] [47

]
File: ./Figures/eps/Canvas_g_marker.eps Graphic file (type eps)

<./Figures/eps/Canvas_g_marker.eps> [48

] [49] [50

] [51

]
File: ./Figures/eps/Canvas_g_line.eps Graphic file (type eps)

<./Figures/eps/Canvas_g_line.eps> [52

]
File: ./Figures/eps/Canvas_g_area_color.eps Graphic file (type eps)
 <./Figures/eps/Canvas_g_area_color.eps>
[53

] [54

] [55

] [56

] [57

] [58

]
File: ./Figures/eps/Canvas_g_move_g_plot.eps Graphic file (type eps)
 <./Figures/eps/Canvas_g_move_g_plot.eps> [59

]
[60

]
File: ./Figures/eps/Canvas_g_box.eps Graphic file (type eps)
 <./Figures/eps/Canvas_g_box.eps>
File: ./Figures/eps/Canvas_g_box2.eps Graphic file (type eps)
 <./Figures/eps/Canvas_g_box2.eps>
[61] [62] [63

]
File: ./Figures/eps/Canvas_g_sphere_SDL.eps Graphic file (type eps)
 <./Figures/eps/Canvas_g_sphere_SDL.eps> [64

] [65

]
File: ./Figures/eps/Canvas_g_ellipse_SDL.eps Graphic file (type eps)

<./Figures/eps/Canvas_g_ellipse_SDL.eps> [66

] [67] [68

]
File: ./Figures/eps/Canvas_g_prism.eps Graphic file (type eps)

<./Figures/eps/Canvas_g_prism.eps> [69

] [70] [71

]
File: ./Figures/eps/Canvas_g_cylinder.eps Graphic file (type eps)

<./Figures/eps/Canvas_g_cylinder.eps> [72

] [73]
File: ./Figures/eps/Canvas_g_cone.eps Graphic file (type eps)

<./Figures/eps/Canvas_g_cone.eps> [74

] [75]
File: ./Figures/eps/Canvas_g_cone.eps Graphic file (type eps)
 <./Figures/eps/Canvas_g_cone.eps>
File: ./Figures/eps/Canvas_g_cone2.eps Graphic file (type eps)

<./Figures/eps/Canvas_g_cone2.eps> [76

] [77] [78

]
File: ./Figures/eps/Canvas_g_pyramid.eps Graphic file (type eps)

<./Figures/eps/Canvas_g_pyramid.eps> [79

] [80] [81

]
File: ./Figures/eps/Canvas_g_arrow.eps Graphic file (type eps)

<./Figures/eps/Canvas_g_arrow.eps> [82

] [83]
File: ./Figures/eps/Canvas_g_arrow.eps Graphic file (type eps)

<./Figures/eps/Canvas_g_arrow.eps>
File: ./Figures/eps/Canvas_g_arrow2.eps Graphic file (type eps)
 <./Figures/eps/Canvas_g_arrow2.eps> [84

]
[85] [86

] [87

]
File: ./Figures/eps/Canvas_g_triangle.eps Graphic file (type eps)
 <./Figures/eps/Canvas_g_triangle.eps> [88

] [89

] [90

] [91

]
File: ./Figures/eps/Canvas_g_fan.eps Graphic file (type eps)

<./Figures/eps/Canvas_g_fan.eps> [92

]
File: ./Figures/eps/Canvas_g_fan.eps Graphic file (type eps)
 <./Figures/eps/Canvas_g_fan.eps>
File: ./Figures/eps/Canvas_g_fan2.eps Graphic file (type eps)

<./Figures/eps/Canvas_g_fan2.eps> [93

] [94] [95

] [96

]
File: ./Figures/eps/Canvas_g_circle.eps Graphic file (type eps)

<./Figures/eps/Canvas_g_circle.eps>
File: ./Figures/eps/Canvas_g_circle2.eps Graphic file (type eps)
 <./Figures/eps/Canvas_g_circle2.eps>
[97

] [98]
File: ./Figures/eps/Canvas_g_polygon.eps Graphic file (type eps)
 <./Figures/eps/Canvas_g_polygon.eps> [99

] [100

]
File: ./Figures/eps/Canvas_g_polyline.eps Graphic file (type eps)

<./Figures/eps/Canvas_g_polyline.eps> [101

] [102

]
File: ./Figures/eps/Canvas_g_rectangle.eps Graphic file (type eps)

<./Figures/eps/Canvas_g_rectangle.eps> [103

] [104

] [105

]
File: ./Figures/eps/Canvas_g_data_plot.eps Graphic file (type eps)

<./Figures/eps/Canvas_g_data_plot.eps> [106

] [107

]
File: ./Figures/eps/Canvas_g_contln.eps Graphic file (type eps)

<./Figures/eps/Canvas_g_contln.eps> [108

] [109

]
File: ./Figures/eps/Canvas_g_bird_view.eps Graphic file (type eps)

<./Figures/eps/Canvas_g_bird_view.eps> [110

] [111

]
File: ./Figures/eps/Canvas_g_isosurface.eps Graphic file (type eps)

<./Figures/eps/Canvas_g_isosurface.eps> [112

] [113] [114] [115] [116] [117]
[118] [119] (./GLSC3D_Manual.aux) ) 
Here is how much of TeX's memory you used:
 1846 strings out of 493683
 24144 string characters out of 6149653
 86276 words of memory out of 5000000
 5355 multiletter control sequences out of 15000+600000
 21121 words of font info for 97 fonts, out of 8000000 for 9000
 934 hyphenation exceptions out of 8191
 26i,12n,43p,1390b,428s stack positions out of 5000i,500n,10000p,2000000b,80000s

Output written on GLSC3D_Manual.dvi (119 pages, 293672 bytes).
